[debug] [2025-09-01T09:09:31.714Z] ----------------------------------------------------------------------
[debug] [2025-09-01T09:09:31.719Z] Command:       C:\Program Files\nodejs\node.exe C:\Users\user\AppData\Roaming\npm\node_modules\firebase-tools\lib\bin\firebase.js init hosting
[debug] [2025-09-01T09:09:31.719Z] CLI Version:   14.15.1
[debug] [2025-09-01T09:09:31.719Z] Platform:      win32
[debug] [2025-09-01T09:09:31.719Z] Node Version:  v22.17.1
[debug] [2025-09-01T09:09:31.720Z] Time:          Mon Sep 01 2025 18:09:31 GMT+0900 (대한민국 표준시)
[debug] [2025-09-01T09:09:31.720Z] ----------------------------------------------------------------------
[debug] 
[debug] [2025-09-01T09:09:31.727Z] > command requires scopes: ["email","openid","https://www.googleapis.com/auth/cloudplatformprojects.readonly","https://www.googleapis.com/auth/firebase","https://www.googleapis.com/auth/cloud-platform"]
[debug] [2025-09-01T09:09:31.727Z] > authorizing via signed-in user (youngmin840720@gmail.com)
[info] 
     ######## #### ########  ######## ########     ###     ######  ########
     ##        ##  ##     ## ##       ##     ##  ##   ##  ##       ##
     ######    ##  ########  ######   ########  #########  ######  ######
     ##        ##  ##    ##  ##       ##     ## ##     ##       ## ##
     ##       #### ##     ## ######## ########  ##     ##  ######  ########

You're about to initialize a Firebase project in this directory:

  C:\Users\user\Desktop\easy 필터

[info] 
=== Project Setup
[info] 
[info] First, let's associate this project directory with a Firebase project.
[info] You can create multiple project aliases by running firebase use --add, 
[info] but for now we'll just set up a default project.
[info] 
[debug] [2025-09-01T09:09:52.407Z] Using project from CLI flag: cuckoo-baco
[debug] [2025-09-01T09:09:52.408Z] Checked if tokens are valid: true, expires at: 1756721001116
[debug] [2025-09-01T09:09:52.408Z] Checked if tokens are valid: true, expires at: 1756721001116
[debug] [2025-09-01T09:09:52.409Z] >>> [apiv2][query] GET https://firebase.googleapis.com/v1beta1/projects/cuckoo-baco [none]
[debug] [2025-09-01T09:09:52.922Z] <<< [apiv2][status] GET https://firebase.googleapis.com/v1beta1/projects/cuckoo-baco 200
[debug] [2025-09-01T09:09:52.922Z] <<< [apiv2][body] GET https://firebase.googleapis.com/v1beta1/projects/cuckoo-baco {"projectId":"cuckoo-baco","projectNumber":"514206750300","displayName":"cuckoo-baco","name":"projects/cuckoo-baco","resources":{"hostingSite":"cuckoo-baco"},"state":"ACTIVE","etag":"1_0000f13a-c573-4687-9bee-e7e591888c6f"}
[info] i  Using project cuckoo-baco (cuckoo-baco) 
[info] 
=== Hosting Setup
[debug] [2025-09-01T09:09:53.268Z] Checked if tokens are valid: true, expires at: 1756721001116
[debug] [2025-09-01T09:09:53.268Z] Checked if tokens are valid: true, expires at: 1756721001116
[debug] [2025-09-01T09:09:53.268Z] >>> [apiv2][query] GET https://firebase.googleapis.com/v1beta1/projects/cuckoo-baco [none]
[debug] [2025-09-01T09:09:53.595Z] <<< [apiv2][status] GET https://firebase.googleapis.com/v1beta1/projects/cuckoo-baco 200
[debug] [2025-09-01T09:09:53.595Z] <<< [apiv2][body] GET https://firebase.googleapis.com/v1beta1/projects/cuckoo-baco {"projectId":"cuckoo-baco","projectNumber":"514206750300","displayName":"cuckoo-baco","name":"projects/cuckoo-baco","resources":{"hostingSite":"cuckoo-baco"},"state":"ACTIVE","etag":"1_0000f13a-c573-4687-9bee-e7e591888c6f"}
[info] 
[info] Your public directory is the folder (relative to your project directory) that
[info] will contain Hosting assets to be uploaded with firebase deploy. If you
[info] have a build process for your assets, use your build's output directory.
[info] 
[debug] [2025-09-01T09:10:04.843Z] >>> [apiv2][query] GET https://www.gstatic.com/firebasejs/releases.json [none]
[debug] [2025-09-01T09:10:05.113Z] <<< [apiv2][status] GET https://www.gstatic.com/firebasejs/releases.json 200
[debug] [2025-09-01T09:10:05.113Z] <<< [apiv2][body] GET https://www.gstatic.com/firebasejs/releases.json {"current":{"version":"12.2.1","browserURL":"https://www.gstatic.com/firebasejs/12.2.1/firebase.js","packageURL":"https://www.gstatic.com/firebasejs/12.2.1/firebase.tgz"},"live":{"version":"12.2","browserURL":"https://www.gstatic.com/firebasejs/live/12.2/firebase.js","packageURL":"https://www.gstatic.com/firebasejs/live/12.2/firebase.tgz"},"components":{"ai":"https://www.gstatic.com/firebasejs/12.2.1/firebase-ai.js","analytics":"https://www.gstatic.com/firebasejs/12.2.1/firebase-analytics.js","app":"https://www.gstatic.com/firebasejs/12.2.1/firebase-app.js","app-check":"https://www.gstatic.com/firebasejs/12.2.1/firebase-app-check.js","auth":"https://www.gstatic.com/firebasejs/12.2.1/firebase-auth.js","auth/cordova":"https://www.gstatic.com/firebasejs/12.2.1/firebase-auth/cordova.js","auth/web-extension":"https://www.gstatic.com/firebasejs/12.2.1/firebase-auth/web-extension.js","functions":"https://www.gstatic.com/firebasejs/12.2.1/firebase-functions.js","firestore":"https://www.gstatic.com/firebasejs/12.2.1/firebase-firestore.js","firestore/lite":"https://www.gstatic.com/firebasejs/12.2.1/firebase-firestore/lite.js","installations":"https://www.gstatic.com/firebasejs/12.2.1/firebase-installations.js","storage":"https://www.gstatic.com/firebasejs/12.2.1/firebase-storage.js","performance":"https://www.gstatic.com/firebasejs/12.2.1/firebase-performance.js","remote-config":"https://www.gstatic.com/firebasejs/12.2.1/firebase-remote-config.js","messaging":"https://www.gstatic.com/firebasejs/12.2.1/firebase-messaging.js","messaging/sw":"https://www.gstatic.com/firebasejs/12.2.1/firebase-messaging/sw.js","database":"https://www.gstatic.com/firebasejs/12.2.1/firebase-database.js","data-connect":"https://www.gstatic.com/firebasejs/12.2.1/firebase-data-connect.js","firestore.memory":"https://www.gstatic.com/firebasejs/12.2.1/firebase-firestore.memory.js"}}
[info] +  Wrote y/index.html 
[info] 
[info] i  Didn't detect a .git folder. Assuming C:\Users\user\Desktop\easy 필터 is the project root. 
[info] i  Authorizing with GitHub to upload your service account to a GitHub repository's secrets store. 
[info] 
[info] Visit this URL on this device to log in:
[info] https://github.com/login/oauth/authorize?client_id=89cf50f02ac6aaed3484&state=488490434&redirect_uri=http%3A%2F%2Flocalhost%3A9005&scope=read%3Auser%20repo%20public_repo
[info] 
[info] Waiting for authentication...
[debug] [2025-09-01T09:10:05.717Z] >>> [apiv2][query] POST https://github.com/login/oauth/access_token [none]
[debug] [2025-09-01T09:10:05.717Z] >>> [apiv2][body] POST https://github.com/login/oauth/access_token [stream]
[debug] [2025-09-01T09:10:06.071Z] <<< [apiv2][status] POST https://github.com/login/oauth/access_token 200
[debug] [2025-09-01T09:10:06.071Z] <<< [apiv2][body] POST https://github.com/login/oauth/access_token {"access_token":"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","token_type":"bearer","scope":"read:user,repo"}
[debug] [2025-09-01T09:10:06.075Z] >>> [apiv2][query] GET https://api.github.com/user [none]
[debug] [2025-09-01T09:10:06.424Z] <<< [apiv2][status] GET https://api.github.com/user 200
[debug] [2025-09-01T09:10:06.424Z] <<< [apiv2][body] GET https://api.github.com/user {"login":"youngmin-cmd","id":221817630,"node_id":"U_kgDODTirHg","avatar_url":"https://avatars.githubusercontent.com/u/221817630?v=4","gravatar_id":"","url":"https://api.github.com/users/youngmin-cmd","html_url":"https://github.com/youngmin-cmd","followers_url":"https://api.github.com/users/youngmin-cmd/followers","following_url":"https://api.github.com/users/youngmin-cmd/following{/other_user}","gists_url":"https://api.github.com/users/youngmin-cmd/gists{/gist_id}","starred_url":"https://api.github.com/users/youngmin-cmd/starred{/owner}{/repo}","subscriptions_url":"https://api.github.com/users/youngmin-cmd/subscriptions","organizations_url":"https://api.github.com/users/youngmin-cmd/orgs","repos_url":"https://api.github.com/users/youngmin-cmd/repos","events_url":"https://api.github.com/users/youngmin-cmd/events{/privacy}","received_events_url":"https://api.github.com/users/youngmin-cmd/received_events","type":"User","user_view_type":"private","site_admin":false,"name":null,"company":null,"blog":"","location":null,"email":null,"hireable":null,"bio":null,"twitter_username":null,"notification_email":null,"public_repos":3,"public_gists":0,"followers":0,"following":0,"created_at":"2025-07-20T08:30:58Z","updated_at":"2025-07-27T11:01:35Z","private_gists":0,"total_private_repos":0,"owned_private_repos":0,"disk_usage":13102,"collaborators":0,"two_factor_authentication":false,"plan":{"name":"free","space":976562499,"collaborators":0,"private_repos":10000}}
[info] 
[info] +  Success! Logged into GitHub as youngmin-cmd 
[info] 
[debug] [2025-09-01T09:13:49.200Z] >>> [apiv2][query] GET https://api.github.com/repos/cuckoo/actions/secrets/public-key type=owner
[debug] [2025-09-01T09:13:49.415Z] <<< [apiv2][status] GET https://api.github.com/repos/cuckoo/actions/secrets/public-key 404
[debug] [2025-09-01T09:13:49.415Z] <<< [apiv2][body] GET https://api.github.com/repos/cuckoo/actions/secrets/public-key {"message":"Not Found","documentation_url":"https://docs.github.com/rest","status":"404"}
[info] 
[info] 
[error] !  The provided authorization cannot be used with this repository. If this repository is in an organization, did you remember to grant access? 
[info] 
[info] i  Action required: Visit this URL to ensure access has been granted to the appropriate organization(s) for the Firebase CLI GitHub OAuth App: 
[info] https://github.com/settings/connections/applications/89cf50f02ac6aaed3484
[info] 
[debug] [2025-09-01T09:18:14.058Z] >>> [apiv2][query] GET https://api.github.com/repos/cuckoo-baco/actions/secrets/public-key type=owner
[debug] [2025-09-01T09:18:14.273Z] <<< [apiv2][status] GET https://api.github.com/repos/cuckoo-baco/actions/secrets/public-key 404
[debug] [2025-09-01T09:18:14.273Z] <<< [apiv2][body] GET https://api.github.com/repos/cuckoo-baco/actions/secrets/public-key {"message":"Not Found","documentation_url":"https://docs.github.com/rest","status":"404"}
[info] 
[info] 
[error] !  The provided authorization cannot be used with this repository. If this repository is in an organization, did you remember to grant access? 
[info] 
[info] i  Action required: Visit this URL to ensure access has been granted to the appropriate organization(s) for the Firebase CLI GitHub OAuth App: 
[info] https://github.com/settings/connections/applications/89cf50f02ac6aaed3484
[info] 
[debug] [2025-09-01T09:34:56.094Z] >>> [apiv2][query] GET https://api.github.com/repos/cuckoo-bacoq/actions/secrets/public-key type=owner
[debug] [2025-09-01T09:34:56.311Z] <<< [apiv2][status] GET https://api.github.com/repos/cuckoo-bacoq/actions/secrets/public-key 404
[debug] [2025-09-01T09:34:56.312Z] <<< [apiv2][body] GET https://api.github.com/repos/cuckoo-bacoq/actions/secrets/public-key {"message":"Not Found","documentation_url":"https://docs.github.com/rest","status":"404"}
[info] 
[info] 
[error] !  The provided authorization cannot be used with this repository. If this repository is in an organization, did you remember to grant access? 
[info] 
[info] i  Action required: Visit this URL to ensure access has been granted to the appropriate organization(s) for the Firebase CLI GitHub OAuth App: 
[info] https://github.com/settings/connections/applications/89cf50f02ac6aaed3484
[info] 
